SF:lib/src/async_button_builder.dart
DA:104,1
DA:138,1
DA:143,1
DA:144,1
DA:152,1
DA:154,3
DA:155,1
DA:158,0
DA:160,0
DA:161,0
DA:162,0
DA:166,0
DA:169,1
DA:171,2
DA:173,1
DA:176,1
DA:178,1
DA:179,2
DA:180,2
DA:181,2
DA:187,2
DA:188,1
DA:190,2
DA:192,2
DA:193,1
DA:195,1
DA:197,2
DA:198,2
DA:205,0
DA:206,0
DA:210,0
DA:217,0
DA:223,1
DA:225,2
DA:226,2
DA:227,2
DA:228,3
DA:229,3
DA:230,3
DA:231,3
DA:233,2
DA:234,3
DA:235,3
DA:236,3
DA:237,3
DA:239,2
DA:240,3
DA:241,3
DA:242,3
DA:243,3
DA:245,2
DA:246,2
DA:247,2
DA:248,2
DA:250,2
DA:251,2
DA:254,2
DA:255,2
DA:258,2
DA:259,2
DA:265,2
DA:270,2
DA:271,1
DA:272,2
DA:273,2
DA:274,2
DA:275,2
DA:276,2
DA:280,2
DA:284,2
DA:285,2
DA:286,1
DA:289,2
DA:290,1
DA:293,1
DA:295,2
DA:296,1
DA:298,1
DA:299,2
DA:300,2
DA:301,1
DA:304,3
DA:306,0
DA:307,0
DA:311,2
DA:312,1
DA:314,1
DA:315,2
DA:316,2
DA:317,1
DA:320,3
DA:322,0
DA:323,0
DA:329,1
DA:331,1
DA:333,1
DA:337,1
DA:338,2
DA:340,1
DA:341,2
DA:343,1
DA:344,2
DA:345,1
LF:103
LH:90
end_of_record
